<?xml version="1.0" encoding="UTF-8"?>
<testng-results skipped="0" failed="0" ignored="0" total="1" passed="1">
  <reporter-output>
  </reporter-output>
  <suite name="Default suite" duration-ms="95" started-at="2021-08-04T02:11:34 IST" finished-at="2021-08-04T02:11:34 IST">
    <groups>
    </groups>
    <test name="Default test" duration-ms="95" started-at="2021-08-04T02:11:34 IST" finished-at="2021-08-04T02:11:34 IST">
      <class name="com.Ty.RMG.demomaven.CreateProjectTest">
        <test-method status="PASS" signature="createProjectTest()[pri:0, instance:com.Ty.RMG.demomaven.CreateProjectTest@5a8806ef]" name="createProjectTest" duration-ms="18" started-at="2021-08-04T02:11:34 IST" finished-at="2021-08-04T02:11:34 IST">
          <reporter-output>
          </reporter-output>
        </test-method> <!-- createProjectTest -->
      </class> <!-- com.Ty.RMG.demomaven.CreateProjectTest -->
    </test> <!-- Default test -->
  </suite> <!-- Default suite -->
</testng-results>
